<?xml version="1.0" encoding="utf-8"?><testsuites name="pytest tests"><testsuite name="pytest" errors="0" failures="1" skipped="0" tests="28" time="3.691" timestamp="2026-04-24T22:00:23.209057+00:00" hostname="agent-env-4d4d6b94-6217-4fcb-9c31-d13ae8807522"><testcase classname="backend.tests.test_biz.TestAuthLogin" name="test_admin_login_returns_access_token" time="0.517"><failure message="AssertionError: assert None == 'admin'&#10; +  where None = &lt;built-in method get of dict object at 0xfe15c8e25fc0&gt;('role')&#10; +    where &lt;built-in method get of dict object at 0xfe15c8e25fc0&gt; = {}.get&#10; +      where {} = &lt;built-in method get of dict object at 0xfe15c8e272c0&gt;('user', {})&#10; +        where &lt;built-in method get of dict object at 0xfe15c8e272c0&gt; = {'access_token': 'eyJhbGciOiJIUzI1NiIsInR5cCI6IkpXVCJ9.eyJzdWIiOiJjYmI2MjNhNS0xYjk2LTQyZTMtOWNjMS00ZDg0ZDhiNzAwNDEiLCJlbWFpbCI6ImFkbWluQHJpc3RydXR0dXJhLmFwcCIsImV4cCI6MTc3NzA3MTYyMywidHlwZSI6ImFjY2VzcyJ9.bOpKV8_X4STV1nY1EQcYcfcGeq5YFBi3GIgeBgCMJFM', 'email': 'admin@ristruttura.app', 'id': 'cbb623a5-1b96-42e3-9cc1-4d84d8b70041', 'name': 'Admin', ...}.get">backend/tests/test_biz.py:55: in test_admin_login_returns_access_token
    assert d.get("user", {}).get("role") == "admin"
E   AssertionError: assert None == 'admin'
E    +  where None = &lt;built-in method get of dict object at 0xfe15c8e25fc0&gt;('role')
E    +    where &lt;built-in method get of dict object at 0xfe15c8e25fc0&gt; = {}.get
E    +      where {} = &lt;built-in method get of dict object at 0xfe15c8e272c0&gt;('user', {})
E    +        where &lt;built-in method get of dict object at 0xfe15c8e272c0&gt; = {'access_token': 'eyJhbGciOiJIUzI1NiIsInR5cCI6IkpXVCJ9.eyJzdWIiOiJjYmI2MjNhNS0xYjk2LTQyZTMtOWNjMS00ZDg0ZDhiNzAwNDEiLCJlbWFpbCI6ImFkbWluQHJpc3RydXR0dXJhLmFwcCIsImV4cCI6MTc3NzA3MTYyMywidHlwZSI6ImFjY2VzcyJ9.bOpKV8_X4STV1nY1EQcYcfcGeq5YFBi3GIgeBgCMJFM', 'email': 'admin@ristruttura.app', 'id': 'cbb623a5-1b96-42e3-9cc1-4d84d8b70041', 'name': 'Admin', ...}.get</failure></testcase><testcase classname="backend.tests.test_biz.TestPackages" name="test_list_packages_four_tiers_with_prices" time="0.390" /><testcase classname="backend.tests.test_biz.TestPackages" name="test_bagno_config" time="0.051" /><testcase classname="backend.tests.test_biz.TestPackages" name="test_composite_sections_13" time="0.051" /><testcase classname="backend.tests.test_biz.TestPackages" name="test_infissi_config" time="0.058" /><testcase classname="backend.tests.test_biz.TestVociBackoffice" name="test_list_voci_47_in_4_categories" time="0.053" /><testcase classname="backend.tests.test_biz.TestVociBackoffice" name="test_update_voce_as_admin_persists" time="0.205" /><testcase classname="backend.tests.test_biz.TestVociBackoffice" name="test_update_voce_as_user_forbidden" time="0.748" /><testcase classname="backend.tests.test_biz.TestFasi" name="test_18_fasi_sorted" time="0.054" /><testcase classname="backend.tests.test_biz.TestTemplateEmail" name="test_3_templates" time="0.053" /><testcase classname="backend.tests.test_biz.TestConfig" name="test_negozi_nichelino" time="0.050" /><testcase classname="backend.tests.test_biz.TestConfig" name="test_dati_azienda_default_teal" time="0.052" /><testcase classname="backend.tests.test_biz.TestConfig" name="test_impostazioni_defaults" time="0.053" /><testcase classname="backend.tests.test_biz.TestConfig" name="test_update_dati_azienda_as_admin" time="0.149" /><testcase classname="backend.tests.test_biz.TestConfig" name="test_update_dati_azienda_as_user_forbidden" time="0.047" /><testcase classname="backend.tests.test_biz.TestPreventivi" name="test_create_preventivo_pacchetto" time="0.062" /><testcase classname="backend.tests.test_biz.TestPreventivi" name="test_create_preventivo_bagno" time="0.054" /><testcase classname="backend.tests.test_biz.TestPreventivi" name="test_create_preventivo_composite" time="0.054" /><testcase classname="backend.tests.test_biz.TestPreventivi" name="test_create_preventivo_infissi" time="0.055" /><testcase classname="backend.tests.test_biz.TestPreventivi" name="test_patch_preventivo_stato" time="0.153" /><testcase classname="backend.tests.test_biz.TestCommesse" name="test_create_commessa_from_preventivo" time="0.054" /><testcase classname="backend.tests.test_biz.TestCommesse" name="test_update_commessa_checklist_recomputes_pct" time="0.103" /><testcase classname="backend.tests.test_biz.TestCommesse" name="test_patch_commessa_stato" time="0.113" /><testcase classname="backend.tests.test_biz.TestLeads" name="test_create_lead_default_nuovo" time="0.050" /><testcase classname="backend.tests.test_biz.TestSubappaltatori" name="test_create_sub_as_admin" time="0.059" /><testcase classname="backend.tests.test_biz.TestSubappaltatori" name="test_create_sub_as_user_forbidden" time="0.050" /><testcase classname="backend.tests.test_biz.TestSubappaltatori" name="test_delete_sub_cleanup" time="0.047" /><testcase classname="backend.tests.test_biz.TestDashboard" name="test_dashboard_stats_keys" time="0.055" /></testsuite></testsuites>