<?xml version="1.0" encoding="utf-8"?><testsuites name="pytest tests"><testsuite name="pytest" errors="0" failures="0" skipped="0" tests="5" time="2.107" timestamp="2026-04-25T19:59:59.903220+00:00" hostname="agent-env-a9d7169d-81cc-4386-8448-868e5c366cdc"><testcase classname="backend.tests.test_iter7_round" name="test_login_works" time="0.405" /><testcase classname="backend.tests.test_iter7_round.TestVociBackoffice" name="test_seed_missing_voci" time="0.382" /><testcase classname="backend.tests.test_iter7_round.TestVociBackoffice" name="test_voci_contains_new_demolizioni" time="0.393" /><testcase classname="backend.tests.test_iter7_round.TestMaterialsCatalog" name="test_seed_missing_materials" time="0.379" /><testcase classname="backend.tests.test_iter7_round.TestMaterialsCatalog" name="test_materials_contains_new_tiles" time="0.480" /></testsuite></testsuites>