<?xml version="1.0" encoding="utf-8"?><testsuites name="pytest tests"><testsuite name="pytest" errors="0" failures="0" skipped="0" tests="5" time="0.846" timestamp="2026-04-26T19:09:12.632388+00:00" hostname="agent-env-d581f5f6-c9c6-4d14-a372-a33f3de01a5a"><testcase classname="backend.tests.test_round13" name="test_login_admin" time="0.542" /><testcase classname="backend.tests.test_round13" name="test_seed_missing_voci" time="0.055" /><testcase classname="backend.tests.test_round13" name="test_voci_backoffice_contains_new_tiles" time="0.058" /><testcase classname="backend.tests.test_round13" name="test_voci_backoffice_has_no_mongo_id" time="0.066" /><testcase classname="backend.tests.test_round13" name="test_total_voci_count" time="0.068" /></testsuite></testsuites>