<?xml version="1.0" encoding="utf-8"?><testsuites name="pytest tests"><testsuite name="pytest" errors="0" failures="0" skipped="0" tests="8" time="2.028" timestamp="2026-04-25T20:51:24.030569+00:00" hostname="agent-env-a9d7169d-81cc-4386-8448-868e5c366cdc"><testcase classname="backend.tests.test_iter9_round.TestPreventivoCAD" name="test_create_cad_preventivo_with_items" time="0.566" /><testcase classname="backend.tests.test_iter9_round.TestPreventivoCAD" name="test_list_includes_cad_preventivo_with_required_fields" time="0.063" /><testcase classname="backend.tests.test_iter9_round.TestPreventivoCAD" name="test_update_cad_preventivo_does_not_duplicate" time="0.103" /><testcase classname="backend.tests.test_iter9_round.TestPreventivoProjectSync" name="test_create_project_with_preventivo_id_syncs_inverse" time="0.153" /><testcase classname="backend.tests.test_iter9_round.TestPreventivoProjectSync" name="test_update_project_preventivo_id_syncs_inverse" time="0.196" /><testcase classname="backend.tests.test_iter9_round.TestCreateProjectFromPreventivo" name="test_create_project_from_preventivo_endpoint" time="0.201" /><testcase classname="backend.tests.test_iter9_round.TestCreateProjectFromPreventivo" name="test_create_project_from_preventivo_returns_existing" time="0.149" /><testcase classname="backend.tests.test_iter9_round.TestCreateProjectFromPreventivo" name="test_create_project_from_preventivo_404" time="0.491" /></testsuite></testsuites>