<?xml version="1.0" encoding="utf-8"?><testsuites name="pytest tests"><testsuite name="pytest" errors="0" failures="0" skipped="0" tests="5" time="14.163" timestamp="2026-04-25T11:29:25.314385+00:00" hostname="agent-env-d3615a87-a8d5-491f-8cd1-1d9cf3346012"><testcase classname="backend.tests.test_iter4_new_features.TestMaterialsCRUD" name="test_create_material" time="0.531" /><testcase classname="backend.tests.test_iter4_new_features.TestAIMaterialGenerate" name="test_ai_generate_returns_material" time="13.379" /><testcase classname="backend.tests.test_iter4_new_features.TestAIMaterialGenerate" name="test_ai_generate_missing_prompt" time="0.047" /><testcase classname="backend.tests.test_iter4_new_features.TestVociBackofficeUnits" name="test_voci_units_and_prices" time="0.050" /><testcase classname="backend.tests.test_iter4_new_features.TestVociBackofficeUnits" name="test_voce_create_with_modificabile_soglia" time="0.097" /></testsuite></testsuites>