<?xml version="1.0" encoding="utf-8"?><testsuites name="pytest tests"><testsuite name="pytest" errors="0" failures="0" skipped="0" tests="28" time="5.753" timestamp="2026-04-25T21:17:11.028485+00:00" hostname="agent-env-a9d7169d-81cc-4386-8448-868e5c366cdc"><testcase classname="backend.tests.test_iter10_round.TestInvitaCliente" name="test_invita_creates_user_and_returns_pwd" time="0.936" /><testcase classname="backend.tests.test_iter10_round.TestInvitaCliente" name="test_invita_404_commessa_inesistente" time="0.134" /><testcase classname="backend.tests.test_iter10_round.TestInvitaCliente" name="test_invita_unauthorized_no_auth" time="0.116" /><testcase classname="backend.tests.test_iter10_round.TestLoginCliente" name="test_login_cliente_ok" time="0.332" /><testcase classname="backend.tests.test_iter10_round.TestLoginCliente" name="test_login_cliente_wrong_password" time="0.359" /><testcase classname="backend.tests.test_iter10_round.TestLoginCliente" name="test_login_cliente_admin_blocked" time="0.342" /><testcase classname="backend.tests.test_iter10_round.TestClienteMe" name="test_me_no_password_leak_no_objectid" time="0.134" /><testcase classname="backend.tests.test_iter10_round.TestDocumenti" name="test_admin_crea_documento_firma_richiesta" time="0.125" /><testcase classname="backend.tests.test_iter10_round.TestDocumenti" name="test_admin_crea_documento_invisibile" time="0.107" /><testcase classname="backend.tests.test_iter10_round.TestDocumentiList" name="test_admin_vede_tutti" time="0.109" /><testcase classname="backend.tests.test_iter10_round.TestDocumentiList" name="test_cliente_vede_solo_visibili" time="0.111" /><testcase classname="backend.tests.test_iter10_round.TestDocumentiList" name="test_cliente_blocked_other_commessa" time="0.107" /><testcase classname="backend.tests.test_iter10_round.TestFirmaOTP" name="test_richiedi_otp" time="0.119" /><testcase classname="backend.tests.test_iter10_round.TestFirmaOTP" name="test_conferma_firma" time="0.162" /><testcase classname="backend.tests.test_iter10_round.TestFirmaOTP" name="test_otp_riuso_fallisce" time="0.106" /><testcase classname="backend.tests.test_iter10_round.TestFirmaOTP" name="test_conferma_senza_accettazione_clausole" time="0.239" /><testcase classname="backend.tests.test_iter10_round.TestCommentiCliente" name="test_cliente_commento_su_propria" time="0.148" /><testcase classname="backend.tests.test_iter10_round.TestCommentiCliente" name="test_cliente_commento_altra_commessa_403" time="0.111" /><testcase classname="backend.tests.test_iter10_round.TestSubappDashboard" name="test_admin_vede_dashboard" time="0.120" /><testcase classname="backend.tests.test_iter10_round.TestSubappDashboard" name="test_cliente_blocked" time="0.110" /><testcase classname="backend.tests.test_iter10_round.TestAssegnazioniAvanzamenti" name="test_full_flow" time="0.577" /><testcase classname="backend.tests.test_iter10_round.TestGestoreCantieri" name="test_admin_vede_tutto" time="0.131" /><testcase classname="backend.tests.test_iter10_round.TestGestoreCantieri" name="test_cliente_blocked" time="0.129" /><testcase classname="backend.tests.test_iter10_round.TestPreventiviFiltered" name="test_admin_vede_tutti" time="0.134" /><testcase classname="backend.tests.test_iter10_round.TestPreventiviFiltered" name="test_cliente_vede_solo_proprio" time="0.138" /><testcase classname="backend.tests.test_iter10_round.TestCommesseFiltered" name="test_admin_vede_tutto" time="0.120" /><testcase classname="backend.tests.test_iter10_round.TestCommesseFiltered" name="test_cliente_vede_solo_propria" time="0.114" /><testcase classname="backend.tests.test_iter10_round.TestExpired" name="test_login_cliente_scaduto" time="0.257" /></testsuite></testsuites>