<?xml version="1.0" encoding="utf-8"?><testsuites name="pytest tests"><testsuite name="pytest" errors="0" failures="0" skipped="0" tests="4" time="1.358" timestamp="2026-04-25T17:43:03.723866+00:00" hostname="agent-env-d3615a87-a8d5-491f-8cd1-1d9cf3346012"><testcase classname="backend.tests.test_iter5_infissi_phase" name="test_health_auth_me" time="0.496" /><testcase classname="backend.tests.test_iter5_infissi_phase" name="test_commessa_with_infissi_checklist_added" time="0.238" /><testcase classname="backend.tests.test_iter5_infissi_phase" name="test_commessa_without_infissi_no_rilievo_voce" time="0.204" /><testcase classname="backend.tests.test_iter5_infissi_phase" name="test_commessa_infissi_extras_checklist_added" time="0.210" /></testsuite></testsuites>