<?xml version="1.0" encoding="utf-8"?><testsuites name="pytest tests"><testsuite name="pytest" errors="0" failures="0" skipped="0" tests="15" time="8.611" timestamp="2026-04-24T20:37:44.343544+00:00" hostname="agent-env-e6057070-b632-4e37-ae96-cb355168aa41"><testcase classname="backend.tests.backend_test.TestHealth" name="test_root" time="0.229" /><testcase classname="backend.tests.backend_test.TestAuth" name="test_register_and_me" time="0.426" /><testcase classname="backend.tests.backend_test.TestAuth" name="test_duplicate_register" time="0.061" /><testcase classname="backend.tests.backend_test.TestAuth" name="test_admin_login" time="0.444" /><testcase classname="backend.tests.backend_test.TestAuth" name="test_login_invalid" time="0.176" /><testcase classname="backend.tests.backend_test.TestAuth" name="test_me_unauth" time="0.158" /><testcase classname="backend.tests.backend_test.TestAuth" name="test_logout_clears" time="0.446" /><testcase classname="backend.tests.backend_test.TestAuth" name="test_refresh_token" time="0.057" /><testcase classname="backend.tests.backend_test.TestProjects" name="test_create_list_get_update_delete" time="0.389" /><testcase classname="backend.tests.backend_test.TestProjects" name="test_projects_unauth" time="0.122" /><testcase classname="backend.tests.backend_test.TestMaterials" name="test_get_materials_default_31" time="0.070" /><testcase classname="backend.tests.backend_test.TestMaterials" name="test_update_material_price" time="0.165" /><testcase classname="backend.tests.backend_test.TestMaterials" name="test_reset_materials" time="0.057" /><testcase classname="backend.tests.backend_test.TestAIRender" name="test_ai_render_unauth" time="0.160" /><testcase classname="backend.tests.backend_test.TestAIRender" name="test_ai_render_empty_image" time="5.467" /></testsuite></testsuites>