<?xml version="1.0" encoding="utf-8"?><testsuites name="pytest tests"><testsuite name="pytest" errors="0" failures="0" skipped="0" tests="5" time="4.283" timestamp="2026-09-07T17:49:26.615745+00:00" hostname="agent-env-d581f5f6-c9c6-4d14-a372-a33f3de01a5a"><testcase classname="backend.tests.test_r89octies" name="test_pdf_firma_no_admin_email" time="1.669" /><testcase classname="backend.tests.test_r89octies" name="test_pdf_firma_contiene_amministratore" time="0.386" /><testcase classname="backend.tests.test_r89octies" name="test_put_accettato_non_resetta_bozza" time="1.705" /><testcase classname="backend.tests.test_r89octies" name="test_pdf_ultima_modifica_visibile_dopo_put" time="0.327" /><testcase classname="backend.tests.test_r89octies" name="test_zzz_cleanup" time="0.000" /></testsuite></testsuites>