<?xml version="1.0" encoding="utf-8"?><testsuites name="pytest tests"><testsuite name="pytest" errors="0" failures="0" skipped="0" tests="4" time="1.970" timestamp="2026-09-07T17:13:50.434082+00:00" hostname="agent-env-d581f5f6-c9c6-4d14-a372-a33f3de01a5a"><testcase classname="backend.tests.test_r89septies_resend" name="test_is_email_enabled_with_resend_key" time="0.006" /><testcase classname="backend.tests.test_r89septies_resend" name="test_send_email_direct_resend" time="0.174" /><testcase classname="backend.tests.test_r89septies_resend" name="test_smtp_fallback_when_resend_missing" time="0.000" /><testcase classname="backend.tests.test_r89septies_resend" name="test_endpoint_send_email_resend" time="1.716" /></testsuite></testsuites>