<?xml version="1.0" encoding="utf-8"?><testsuites name="pytest tests"><testsuite name="pytest" errors="0" failures="0" skipped="0" tests="7" time="9.590" timestamp="2026-09-07T17:13:00.888662+00:00" hostname="agent-env-d581f5f6-c9c6-4d14-a372-a33f3de01a5a"><testcase classname="backend.tests.test_round89sex_email_pdf_attachment" name="test_send_email_generates_pdf_attachment" time="2.973" /><testcase classname="backend.tests.test_round89sex_email_pdf_attachment" name="test_send_email_endpoint_still_works" time="1.692" /><testcase classname="backend.tests.test_round89_email_endpoint" name="test_send_email_endpoint_exists" time="1.568" /><testcase classname="backend.tests.test_round89_email_endpoint" name="test_send_email_endpoint_supports_legacy_destinatario" time="0.929" /><testcase classname="backend.tests.test_round89_email_endpoint" name="test_send_email_missing_recipient_returns_400" time="0.506" /><testcase classname="backend.tests.test_round89quater_pdf_backend" name="test_pdf_endpoint_generates_valid_pdf_for_bagno" time="1.652" /><testcase classname="backend.tests.test_round89quater_pdf_backend" name="test_pdf_endpoint_requires_auth" time="0.161" /></testsuite></testsuites>