<?xml version="1.0" encoding="utf-8"?><testsuites name="pytest tests"><testsuite name="pytest" errors="0" failures="0" skipped="1" tests="35" time="5.739" timestamp="2026-05-19T18:45:59.211220+00:00" hostname="agent-env-d581f5f6-c9c6-4d14-a372-a33f3de01a5a"><testcase classname="backend.tests.test_round68_pagato_preventivi.TestPagaVoceAcquisti" name="test_paga_crea_movimento" time="0.738" /><testcase classname="backend.tests.test_round68_pagato_preventivi.TestPagaVoceAcquisti" name="test_paga_idempotente" time="0.214" /><testcase classname="backend.tests.test_round68_pagato_preventivi.TestPagaVoceAcquisti" name="test_paga_400_se_eff_zero" time="0.067" /><testcase classname="backend.tests.test_round68_pagato_preventivi.TestPagaVoceAcquisti" name="test_annulla_pagamento" time="0.211" /><testcase classname="backend.tests.test_round68_pagato_preventivi.TestPreventiviFornitori" name="test_crea_preventivo_da_autorizzare" time="0.076" /><testcase classname="backend.tests.test_round68_pagato_preventivi.TestPreventiviFornitori" name="test_crea_preventivo_ok" time="0.063" /><testcase classname="backend.tests.test_round68_pagato_preventivi.TestPreventiviFornitori" name="test_dashboard_da_approvare" time="0.066" /><testcase classname="backend.tests.test_round68_pagato_preventivi.TestPreventiviFornitori" name="test_autorizza_aggiorna_voci_acquisti" time="0.143" /><testcase classname="backend.tests.test_round68_pagato_preventivi.TestPreventiviFornitori" name="test_rifiuta_con_motivo" time="0.196" /><testcase classname="backend.tests.test_round68_pagato_preventivi.TestRBAC" name="test_non_admin_403_autorizza" time="0.247"><skipped type="pytest.skip" message="Venditore login failed: {&quot;detail&quot;:&quot;Credenziali non valide&quot;}">/app/backend/tests/test_round68_pagato_preventivi.py:253: Venditore login failed: {"detail":"Credenziali non valide"}</skipped></testcase><testcase classname="backend.tests.test_round69_listini_fornitori.TestListinoCRUD" name="test_get_list" time="0.476" /><testcase classname="backend.tests.test_round69_listini_fornitori.TestListinoCRUD" name="test_get_one" time="0.077" /><testcase classname="backend.tests.test_round69_listini_fornitori.TestListinoCRUD" name="test_get_404" time="0.053" /><testcase classname="backend.tests.test_round69_listini_fornitori.TestListinoCRUD" name="test_update_listino" time="0.057" /><testcase classname="backend.tests.test_round69_listini_fornitori.TestProdottoCRUD" name="test_add_prodotto_low" time="0.056" /><testcase classname="backend.tests.test_round69_listini_fornitori.TestProdottoCRUD" name="test_add_prodotto_medium" time="0.052" /><testcase classname="backend.tests.test_round69_listini_fornitori.TestProdottoCRUD" name="test_add_prodotto_high" time="0.058" /><testcase classname="backend.tests.test_round69_listini_fornitori.TestProdottoCRUD" name="test_update_prodotto" time="0.121" /><testcase classname="backend.tests.test_round69_listini_fornitori.TestProdottoCRUD" name="test_delete_prodotto" time="0.170" /><testcase classname="backend.tests.test_round69_listini_fornitori.TestImport" name="test_import_xlsx_replace_4_rows" time="0.131" /><testcase classname="backend.tests.test_round69_listini_fornitori.TestImport" name="test_import_csv_normalize_prices" time="0.116" /><testcase classname="backend.tests.test_round69_listini_fornitori.TestCerca" name="test_cerca_categoria_q_fascia" time="0.137" /><testcase classname="backend.tests.test_round69_listini_fornitori.TestCategorie" name="test_get_categorie" time="0.072" /><testcase classname="backend.tests.test_round69_listini_fornitori.TestClear" name="test_clear_prodotti" time="0.176" /><testcase classname="backend.tests.test_round69_listini_fornitori.TestRBAC" name="test_no_auth_returns_401" time="0.207" /><testcase classname="backend.tests.test_round70_listini_preventivi.TestPreventivoComposite" name="test_create_composite_with_listini" time="0.472" /><testcase classname="backend.tests.test_round70_listini_preventivi.TestPreventivoComposite" name="test_get_composite_returns_listini" time="0.056" /><testcase classname="backend.tests.test_round70_listini_preventivi.TestPreventivoComposite" name="test_update_composite_adds_listini_row" time="0.055" /><testcase classname="backend.tests.test_round70_listini_preventivi.TestPreventivoPacchetto" name="test_create_pacchetto_with_listini" time="0.052" /><testcase classname="backend.tests.test_round70_listini_preventivi.TestPreventivoPacchetto" name="test_get_pacchetto_returns_listini" time="0.053" /><testcase classname="backend.tests.test_round70_listini_preventivi.TestAutoCommessaListini" name="test_accept_composite_creates_commessa_with_listini_in_computo" time="0.216" /><testcase classname="backend.tests.test_round70_listini_preventivi.TestAutoCommessaListini" name="test_accept_pacchetto_creates_commessa_with_listini_in_computo" time="0.226" /><testcase classname="backend.tests.test_round70_listini_preventivi.TestRegressionRound69" name="test_listini_categorie" time="0.061" /><testcase classname="backend.tests.test_round70_listini_preventivi.TestRegressionRound69" name="test_listini_crud_list" time="0.054" /><testcase classname="backend.tests.test_round70_listini_preventivi.TestRegressionRound69" name="test_listini_search_trasversale" time="0.261" /></testsuite></testsuites>