<?xml version="1.0" encoding="utf-8"?><testsuites name="pytest tests"><testsuite name="pytest" errors="0" failures="0" skipped="1" tests="10" time="2.659" timestamp="2026-05-18T20:06:01.711669+00:00" hostname="agent-env-d581f5f6-c9c6-4d14-a372-a33f3de01a5a"><testcase classname="backend.tests.test_round68_pagato_preventivi.TestPagaVoceAcquisti" name="test_paga_crea_movimento" time="1.243" /><testcase classname="backend.tests.test_round68_pagato_preventivi.TestPagaVoceAcquisti" name="test_paga_idempotente" time="0.201" /><testcase classname="backend.tests.test_round68_pagato_preventivi.TestPagaVoceAcquisti" name="test_paga_400_se_eff_zero" time="0.067" /><testcase classname="backend.tests.test_round68_pagato_preventivi.TestPagaVoceAcquisti" name="test_annulla_pagamento" time="0.216" /><testcase classname="backend.tests.test_round68_pagato_preventivi.TestPreventiviFornitori" name="test_crea_preventivo_da_autorizzare" time="0.069" /><testcase classname="backend.tests.test_round68_pagato_preventivi.TestPreventiviFornitori" name="test_crea_preventivo_ok" time="0.083" /><testcase classname="backend.tests.test_round68_pagato_preventivi.TestPreventiviFornitori" name="test_dashboard_da_approvare" time="0.077" /><testcase classname="backend.tests.test_round68_pagato_preventivi.TestPreventiviFornitori" name="test_autorizza_aggiorna_voci_acquisti" time="0.154" /><testcase classname="backend.tests.test_round68_pagato_preventivi.TestPreventiviFornitori" name="test_rifiuta_con_motivo" time="0.210" /><testcase classname="backend.tests.test_round68_pagato_preventivi.TestRBAC" name="test_non_admin_403_autorizza" time="0.257"><skipped type="pytest.skip" message="Venditore login failed: {&quot;detail&quot;:&quot;Credenziali non valide&quot;}">/app/backend/tests/test_round68_pagato_preventivi.py:253: Venditore login failed: {"detail":"Credenziali non valide"}</skipped></testcase></testsuite></testsuites>