<?xml version="1.0" encoding="utf-8"?><testsuites name="pytest tests"><testsuite name="pytest" errors="0" failures="0" skipped="0" tests="4" time="2.894" timestamp="2026-06-19T15:35:32.724718+00:00" hostname="agent-env-d581f5f6-c9c6-4d14-a372-a33f3de01a5a"><testcase classname="backend.tests.test_round88_p0_flows" name="test_01_subcategoria_detection_via_api" time="1.276" /><testcase classname="backend.tests.test_round88_p0_flows" name="test_02_preventivo_put_does_not_wipe_data" time="0.326" /><testcase classname="backend.tests.test_round88_p0_flows" name="test_03_preventivo_update_sync_commessa" time="0.895" /><testcase classname="backend.tests.test_round88_p0_flows" name="test_04_infissi_extras_persist_in_preventivo" time="0.324" /></testsuite></testsuites>