<?xml version="1.0" encoding="utf-8"?><testsuites name="pytest tests"><testsuite name="pytest" errors="0" failures="0" skipped="0" tests="8" time="2.244" timestamp="2026-05-18T19:47:42.006089+00:00" hostname="agent-env-d581f5f6-c9c6-4d14-a372-a33f3de01a5a"><testcase classname="backend.tests.test_round67_major_refactor.TestRegression" name="test_me" time="0.612" /><testcase classname="backend.tests.test_round67_major_refactor.TestRegression" name="test_dati_azienda" time="0.073" /><testcase classname="backend.tests.test_round67_major_refactor.TestRegression" name="test_list_preventivi" time="0.111" /><testcase classname="backend.tests.test_round67_major_refactor.TestRegression" name="test_list_commesse" time="0.112" /><testcase classname="backend.tests.test_round67_major_refactor.TestPreventivoModalitaPagamento" name="test_create_preventivo_with_modalita_pagamento" time="0.215" /><testcase classname="backend.tests.test_round67_major_refactor.TestCommessaAllegatoAFromPreventivo" name="test_create_commessa_pre_populates_allegato_a" time="0.225" /><testcase classname="backend.tests.test_round67_major_refactor.TestImportVociAcquistiFromComputo" name="test_import_from_computo_populates_voci_acquisti" time="0.705" /><testcase classname="backend.tests.test_round67_major_refactor.TestImportVociAcquistiFromComputo" name="test_cleanup" time="0.131" /></testsuite></testsuites>