<?xml version="1.0" encoding="utf-8"?><testsuites name="pytest tests"><testsuite name="pytest" errors="0" failures="0" skipped="0" tests="6" time="1.550" timestamp="2026-07-29T13:47:30.298761+00:00" hostname="agent-env-d581f5f6-c9c6-4d14-a372-a33f3de01a5a"><testcase classname="backend.tests.test_round89quinquies_marginalita.TestCompositeSectionsPrezzoAcquisto" name="test_sections_include_prezzo_acquisto" time="0.678" /><testcase classname="backend.tests.test_round89quinquies_marginalita.TestMarginalitaCalcolaCustomCosti" name="test_calcola_uses_costi_diretti_input" time="0.069" /><testcase classname="backend.tests.test_round89quinquies_marginalita.TestMarginalitaCalcolaCustomCosti" name="test_calcola_high_costi_low_margin" time="0.054" /><testcase classname="backend.tests.test_round89quinquies_marginalita.TestPreventivoManualExtrasPersistPA" name="test_create_preventivo_with_manual_extras_pa" time="0.061" /><testcase classname="backend.tests.test_round89quinquies_marginalita.TestPreventivoManualExtrasPersistPA" name="test_get_preventivo_returns_pa_ricarico" time="0.052" /><testcase classname="backend.tests.test_round89quinquies_marginalita.TestPreventivoManualExtrasPersistPA" name="test_put_partial_preserves_pa_ricarico" time="0.560" /></testsuite></testsuites>