<?xml version="1.0" encoding="utf-8"?><testsuites name="pytest tests"><testsuite name="pytest" errors="0" failures="0" skipped="0" tests="5" time="1.883" timestamp="2026-05-18T19:14:46.513007+00:00" hostname="agent-env-d581f5f6-c9c6-4d14-a372-a33f3de01a5a"><testcase classname="backend.tests.test_round66_clusters" name="test_b1_payment_presets_save" time="0.768" /><testcase classname="backend.tests.test_round66_clusters" name="test_c1_voci_backoffice_tipo_fornitore" time="0.212" /><testcase classname="backend.tests.test_round66_clusters" name="test_b2_c3_commessa_allegato_a_and_voci_extra" time="0.309" /><testcase classname="backend.tests.test_round66_clusters" name="test_a4_import_from_computo" time="0.221" /><testcase classname="backend.tests.test_round66_clusters" name="test_c4_cad_locked_on_project" time="0.317" /></testsuite></testsuites>