<?xml version="1.0" encoding="utf-8"?><testsuites name="pytest tests"><testsuite name="pytest" errors="0" failures="0" skipped="0" tests="3" time="1.831" timestamp="2026-05-19T18:45:51.531310+00:00" hostname="agent-env-d581f5f6-c9c6-4d14-a372-a33f3de01a5a"><testcase classname="backend.tests.test_round71_packages_listini_computo" name="test_packages_persist_listini_and_override" time="0.831" /><testcase classname="backend.tests.test_round71_packages_listini_computo" name="test_computo_includes_optional_and_pkg_listini" time="0.508" /><testcase classname="backend.tests.test_round71_packages_listini_computo" name="test_commessa_tipo_lavori_skip_persist" time="0.434" /></testsuite></testsuites>