<?xml version="1.0" encoding="utf-8"?><testsuites name="pytest tests"><testsuite name="pytest" errors="0" failures="0" skipped="0" tests="10" time="1.122" timestamp="2026-05-12T11:20:52.578768+00:00" hostname="agent-env-d581f5f6-c9c6-4d14-a372-a33f3de01a5a"><testcase classname="backend.tests.test_round37_fixes.TestPackagesPrices" name="test_packages_prices" time="0.576" /><testcase classname="backend.tests.test_round37_fixes.TestComputoMetrico" name="test_genera_computo" time="0.053" /><testcase classname="backend.tests.test_round37_fixes.TestComputoMetrico" name="test_assegna_voce" time="0.097" /><testcase classname="backend.tests.test_round37_fixes.TestCassa" name="test_create_cassa_scadenza" time="0.048" /><testcase classname="backend.tests.test_round37_fixes.TestCassa" name="test_get_workflow_cassa" time="0.051" /><testcase classname="backend.tests.test_round37_fixes.TestCassa" name="test_patch_mark_paid" time="0.049" /><testcase classname="backend.tests.test_round37_fixes.TestSubappDocs" name="test_tipi_documenti" time="0.050" /><testcase classname="backend.tests.test_round37_fixes.TestSubappDocs" name="test_documenti_sub_empty" time="0.044" /><testcase classname="backend.tests.test_round37_fixes.TestSubappDocs" name="test_ready_check" time="0.048" /><testcase classname="backend.tests.test_round37_fixes.TestAssegnaVincolo" name="test_assegna_blocked_missing_docs" time="0.045" /></testsuite></testsuites>