<?xml version="1.0" encoding="utf-8"?><testsuites name="pytest tests"><testsuite name="pytest" errors="0" failures="0" skipped="0" tests="15" time="2.689" timestamp="2026-05-18T20:53:14.584608+00:00" hostname="agent-env-d581f5f6-c9c6-4d14-a372-a33f3de01a5a"><testcase classname="backend.tests.test_round69_listini_fornitori.TestListinoCRUD" name="test_get_list" time="0.640" /><testcase classname="backend.tests.test_round69_listini_fornitori.TestListinoCRUD" name="test_get_one" time="0.072" /><testcase classname="backend.tests.test_round69_listini_fornitori.TestListinoCRUD" name="test_get_404" time="0.068" /><testcase classname="backend.tests.test_round69_listini_fornitori.TestListinoCRUD" name="test_update_listino" time="0.065" /><testcase classname="backend.tests.test_round69_listini_fornitori.TestProdottoCRUD" name="test_add_prodotto_low" time="0.076" /><testcase classname="backend.tests.test_round69_listini_fornitori.TestProdottoCRUD" name="test_add_prodotto_medium" time="0.062" /><testcase classname="backend.tests.test_round69_listini_fornitori.TestProdottoCRUD" name="test_add_prodotto_high" time="0.064" /><testcase classname="backend.tests.test_round69_listini_fornitori.TestProdottoCRUD" name="test_update_prodotto" time="0.129" /><testcase classname="backend.tests.test_round69_listini_fornitori.TestProdottoCRUD" name="test_delete_prodotto" time="0.186" /><testcase classname="backend.tests.test_round69_listini_fornitori.TestImport" name="test_import_xlsx_replace_4_rows" time="0.360" /><testcase classname="backend.tests.test_round69_listini_fornitori.TestImport" name="test_import_csv_normalize_prices" time="0.127" /><testcase classname="backend.tests.test_round69_listini_fornitori.TestCerca" name="test_cerca_categoria_q_fascia" time="0.132" /><testcase classname="backend.tests.test_round69_listini_fornitori.TestCategorie" name="test_get_categorie" time="0.067" /><testcase classname="backend.tests.test_round69_listini_fornitori.TestClear" name="test_clear_prodotti" time="0.218" /><testcase classname="backend.tests.test_round69_listini_fornitori.TestRBAC" name="test_no_auth_returns_401" time="0.203" /></testsuite></testsuites>