<?xml version="1.0" encoding="utf-8"?><testsuites name="pytest tests"><testsuite name="pytest" errors="0" failures="2" skipped="0" tests="10" time="1.531" timestamp="2026-05-18T21:50:26.034005+00:00" hostname="agent-env-d581f5f6-c9c6-4d14-a372-a33f3de01a5a"><testcase classname="backend.tests.test_round70_listini_preventivi.TestPreventivoComposite" name="test_create_composite_with_listini" time="0.516" /><testcase classname="backend.tests.test_round70_listini_preventivi.TestPreventivoComposite" name="test_get_composite_returns_listini" time="0.048" /><testcase classname="backend.tests.test_round70_listini_preventivi.TestPreventivoComposite" name="test_update_composite_adds_listini_row" time="0.049" /><testcase classname="backend.tests.test_round70_listini_preventivi.TestPreventivoPacchetto" name="test_create_pacchetto_with_listini" time="0.044" /><testcase classname="backend.tests.test_round70_listini_preventivi.TestPreventivoPacchetto" name="test_get_pacchetto_returns_listini" time="0.050" /><testcase classname="backend.tests.test_round70_listini_preventivi.TestAutoCommessaListini" name="test_accept_composite_creates_commessa_with_listini_in_computo" time="0.195"><failure message="AssertionError: Computo metrico vuoto&#10;assert 0 &gt; 0&#10; +  where 0 = len([])">backend/tests/test_round70_listini_preventivi.py:176: in test_accept_composite_creates_commessa_with_listini_in_computo
    assert len(items) &gt; 0, "Computo metrico vuoto"
E   AssertionError: Computo metrico vuoto
E   assert 0 &gt; 0
E    +  where 0 = len([])</failure></testcase><testcase classname="backend.tests.test_round70_listini_preventivi.TestAutoCommessaListini" name="test_accept_pacchetto_creates_commessa_with_listini_in_computo" time="0.198"><failure message="AssertionError: Nessuna voce da listino in cm pacchetto: ['Demolizione']&#10;assert False">backend/tests/test_round70_listini_preventivi.py:205: in test_accept_pacchetto_creates_commessa_with_listini_in_computo
    assert has_porta, f"Nessuna voce da listino in cm pacchetto: {nomi}"
E   AssertionError: Nessuna voce da listino in cm pacchetto: ['Demolizione']
E   assert False</failure></testcase><testcase classname="backend.tests.test_round70_listini_preventivi.TestRegressionRound69" name="test_listini_categorie" time="0.053" /><testcase classname="backend.tests.test_round70_listini_preventivi.TestRegressionRound69" name="test_listini_crud_list" time="0.050" /><testcase classname="backend.tests.test_round70_listini_preventivi.TestRegressionRound69" name="test_listini_search_trasversale" time="0.235" /></testsuite></testsuites>