<?xml version="1.0" encoding="utf-8"?><testsuites name="pytest tests"><testsuite name="pytest" errors="0" failures="0" skipped="0" tests="8" time="10.775" timestamp="2026-05-22T17:41:27.988751+00:00" hostname="agent-env-d581f5f6-c9c6-4d14-a372-a33f3de01a5a"><testcase classname="tests.test_round86_manual_extras" name="test_preventivo_composite_persists_manual_extras" time="0.854" /><testcase classname="tests.test_round86_manual_extras" name="test_create_voce_backoffice_as_admin" time="0.614" /><testcase classname="tests.test_round86_manual_extras" name="test_create_voce_backoffice_as_responsabile" time="2.955" /><testcase classname="tests.test_round86_manual_extras" name="test_create_voce_backoffice_denied_for_venditore_semplice" time="2.640" /><testcase classname="tests.test_round86_audit_pdf" name="test_audit_doc_upload_and_delete" time="1.003" /><testcase classname="tests.test_round86_audit_pdf" name="test_audit_foto_cantiere_lifecycle" time="0.956" /><testcase classname="tests.test_round86_audit_pdf" name="test_audit_contratto_signed" time="0.804" /><testcase classname="tests.test_round86_audit_pdf" name="test_impostazioni_expose_company_fields_for_pdf" time="0.656" /></testsuite></testsuites>